  myFunctions.cpp
..\myFunctions.cpp(64): warning C4305: 'argument': truncation from 'double' to 'float'
..\myFunctions.cpp(65): warning C4305: 'argument': truncation from 'double' to 'float'
..\myFunctions.cpp(84): warning C4551: function call missing argument list
..\myFunctions.cpp(129): warning C4018: '<': signed/unsigned mismatch
..\myFunctions.cpp(135): warning C4018: '<': signed/unsigned mismatch
..\myFunctions.cpp(180): warning C4018: '<': signed/unsigned mismatch
..\myFunctions.cpp(187): warning C4018: '<': signed/unsigned mismatch
..\myFunctions.cpp(188): warning C4018: '<': signed/unsigned mismatch
..\myFunctions.cpp(214): warning C4018: '<': signed/unsigned mismatch
..\myFunctions.cpp(217): warning C4018: '<': signed/unsigned mismatch
..\myFunctions.cpp(237): warning C4018: '<': signed/unsigned mismatch
..\myFunctions.cpp(240): warning C4018: '<': signed/unsigned mismatch
..\myFunctions.cpp(241): warning C4018: '<': signed/unsigned mismatch
..\myFunctions.cpp(247): warning C4018: '<': signed/unsigned mismatch
..\myFunctions.cpp(256): warning C4018: '<': signed/unsigned mismatch
..\myFunctions.cpp(292): warning C4018: '<': signed/unsigned mismatch
..\myFunctions.cpp(301): warning C4018: '<': signed/unsigned mismatch
..\myFunctions.cpp(308): warning C4018: '<': signed/unsigned mismatch
..\myFunctions.cpp(318): warning C4018: '<': signed/unsigned mismatch
..\myFunctions.cpp(330): warning C4018: '<': signed/unsigned mismatch
..\myFunctions.cpp(390): warning C4018: '<': signed/unsigned mismatch
..\myFunctions.cpp(393): warning C4018: '<': signed/unsigned mismatch
..\myFunctions.cpp(402): warning C4018: '<': signed/unsigned mismatch
..\myFunctions.cpp(418): warning C4018: '<': signed/unsigned mismatch
..\myFunctions.cpp(421): warning C4018: '<': signed/unsigned mismatch
..\myFunctions.cpp(431): warning C4018: '<': signed/unsigned mismatch
..\myFunctions.cpp(432): warning C4244: 'argument': conversion from 'double' to 'float', possible loss of data
..\myFunctions.cpp(494): warning C4018: '<': signed/unsigned mismatch
..\myFunctions.cpp(506): warning C4018: '<': signed/unsigned mismatch
..\myFunctions.cpp(519): warning C4244: 'initializing': conversion from 'double' to 'float', possible loss of data
..\myFunctions.cpp(520): warning C4018: '<': signed/unsigned mismatch
..\myFunctions.cpp(521): warning C4244: 'argument': conversion from 'double' to 'GLfloat', possible loss of data
..\myFunctions.cpp(544): warning C4018: '<': signed/unsigned mismatch
..\myFunctions.cpp(545): warning C4018: '<': signed/unsigned mismatch
  Generating code
  0 of 919 functions ( 0.0%) were compiled, the rest were copied from previous compilation.
    0 functions were new in current compilation
    3 functions had inline decision re-evaluated but remain unchanged
  Finished generating code
  Project3.vcxproj -> C:\Users\Gebruiker\Source\Repos\ComputerGraphics\Project3\Release\Project3.exe
  Project3.vcxproj -> C:\Users\Gebruiker\Source\Repos\ComputerGraphics\Project3\Release\Project3.pdb (Full PDB)
