  myFunctions.cpp
c:\users\gebruiker\source\repos\computergraphics\project3\myfunctions.cpp(71): warning C4305: 'argument': truncation from 'double' to 'float'
c:\users\gebruiker\source\repos\computergraphics\project3\myfunctions.cpp(72): warning C4305: 'argument': truncation from 'double' to 'float'
c:\users\gebruiker\source\repos\computergraphics\project3\myfunctions.cpp(110): warning C4018: '<': signed/unsigned mismatch
c:\users\gebruiker\source\repos\computergraphics\project3\myfunctions.cpp(116): warning C4018: '<': signed/unsigned mismatch
c:\users\gebruiker\source\repos\computergraphics\project3\myfunctions.cpp(161): warning C4018: '<': signed/unsigned mismatch
c:\users\gebruiker\source\repos\computergraphics\project3\myfunctions.cpp(168): warning C4018: '<': signed/unsigned mismatch
c:\users\gebruiker\source\repos\computergraphics\project3\myfunctions.cpp(169): warning C4018: '<': signed/unsigned mismatch
c:\users\gebruiker\source\repos\computergraphics\project3\myfunctions.cpp(195): warning C4018: '<': signed/unsigned mismatch
c:\users\gebruiker\source\repos\computergraphics\project3\myfunctions.cpp(198): warning C4018: '<': signed/unsigned mismatch
c:\users\gebruiker\source\repos\computergraphics\project3\myfunctions.cpp(218): warning C4018: '<': signed/unsigned mismatch
c:\users\gebruiker\source\repos\computergraphics\project3\myfunctions.cpp(221): warning C4018: '<': signed/unsigned mismatch
c:\users\gebruiker\source\repos\computergraphics\project3\myfunctions.cpp(222): warning C4018: '<': signed/unsigned mismatch
c:\users\gebruiker\source\repos\computergraphics\project3\myfunctions.cpp(228): warning C4018: '<': signed/unsigned mismatch
c:\users\gebruiker\source\repos\computergraphics\project3\myfunctions.cpp(237): warning C4018: '<': signed/unsigned mismatch
c:\users\gebruiker\source\repos\computergraphics\project3\myfunctions.cpp(281): warning C4018: '<': signed/unsigned mismatch
c:\users\gebruiker\source\repos\computergraphics\project3\myfunctions.cpp(290): warning C4018: '<': signed/unsigned mismatch
c:\users\gebruiker\source\repos\computergraphics\project3\myfunctions.cpp(297): warning C4018: '<': signed/unsigned mismatch
c:\users\gebruiker\source\repos\computergraphics\project3\myfunctions.cpp(307): warning C4018: '<': signed/unsigned mismatch
c:\users\gebruiker\source\repos\computergraphics\project3\myfunctions.cpp(319): warning C4018: '<': signed/unsigned mismatch
c:\users\gebruiker\source\repos\computergraphics\project3\myfunctions.cpp(377): warning C4018: '<': signed/unsigned mismatch
c:\users\gebruiker\source\repos\computergraphics\project3\myfunctions.cpp(386): warning C4018: '<': signed/unsigned mismatch
c:\users\gebruiker\source\repos\computergraphics\project3\myfunctions.cpp(393): warning C4018: '<': signed/unsigned mismatch
c:\users\gebruiker\source\repos\computergraphics\project3\myfunctions.cpp(403): warning C4018: '<': signed/unsigned mismatch
c:\users\gebruiker\source\repos\computergraphics\project3\myfunctions.cpp(415): warning C4018: '<': signed/unsigned mismatch
c:\users\gebruiker\source\repos\computergraphics\project3\myfunctions.cpp(456): warning C4018: '<': signed/unsigned mismatch
c:\users\gebruiker\source\repos\computergraphics\project3\myfunctions.cpp(459): warning C4018: '<': signed/unsigned mismatch
c:\users\gebruiker\source\repos\computergraphics\project3\myfunctions.cpp(468): warning C4018: '<': signed/unsigned mismatch
c:\users\gebruiker\source\repos\computergraphics\project3\myfunctions.cpp(485): warning C4018: '<': signed/unsigned mismatch
c:\users\gebruiker\source\repos\computergraphics\project3\myfunctions.cpp(488): warning C4018: '<': signed/unsigned mismatch
c:\users\gebruiker\source\repos\computergraphics\project3\myfunctions.cpp(499): warning C4018: '<': signed/unsigned mismatch
c:\users\gebruiker\source\repos\computergraphics\project3\myfunctions.cpp(500): warning C4244: 'argument': conversion from 'double' to 'float', possible loss of data
c:\users\gebruiker\source\repos\computergraphics\project3\myfunctions.cpp(517): warning C4018: '<': signed/unsigned mismatch
c:\users\gebruiker\source\repos\computergraphics\project3\myfunctions.cpp(526): warning C4018: '<': signed/unsigned mismatch
c:\users\gebruiker\source\repos\computergraphics\project3\myfunctions.cpp(535): warning C4018: '<': signed/unsigned mismatch
c:\users\gebruiker\source\repos\computergraphics\project3\myfunctions.cpp(542): warning C4018: '<': signed/unsigned mismatch
c:\users\gebruiker\source\repos\computergraphics\project3\myfunctions.cpp(547): warning C4018: '<': signed/unsigned mismatch
c:\users\gebruiker\source\repos\computergraphics\project3\myfunctions.cpp(552): warning C4244: '=': conversion from 'double' to 'float', possible loss of data
c:\users\gebruiker\source\repos\computergraphics\project3\myfunctions.cpp(563): warning C4018: '<': signed/unsigned mismatch
c:\users\gebruiker\source\repos\computergraphics\project3\myfunctions.cpp(574): warning C4244: '=': conversion from 'double' to 'float', possible loss of data
c:\users\gebruiker\source\repos\computergraphics\project3\myfunctions.cpp(576): warning C4244: '+=': conversion from 'double' to 'float', possible loss of data
c:\users\gebruiker\source\repos\computergraphics\project3\myfunctions.cpp(592): warning C4305: 'initializing': truncation from 'double' to 'float'
c:\users\gebruiker\source\repos\computergraphics\project3\myfunctions.cpp(595): warning C4018: '<': signed/unsigned mismatch
c:\users\gebruiker\source\repos\computergraphics\project3\myfunctions.cpp(643): warning C4551: function call missing argument list
c:\users\gebruiker\source\repos\computergraphics\project3\myfunctions.cpp(759): warning C4018: '<': signed/unsigned mismatch
c:\users\gebruiker\source\repos\computergraphics\project3\myfunctions.cpp(771): warning C4018: '<': signed/unsigned mismatch
c:\users\gebruiker\source\repos\computergraphics\project3\myfunctions.cpp(810): warning C4244: 'initializing': conversion from 'double' to 'float', possible loss of data
c:\users\gebruiker\source\repos\computergraphics\project3\myfunctions.cpp(833): warning C4244: 'initializing': conversion from 'float' to 'int', possible loss of data
c:\users\gebruiker\source\repos\computergraphics\project3\myfunctions.cpp(852): warning C4244: 'initializing': conversion from 'float' to 'int', possible loss of data
c:\users\gebruiker\source\repos\computergraphics\project3\myfunctions.cpp(871): warning C4244: 'initializing': conversion from 'float' to 'int', possible loss of data
c:\users\gebruiker\source\repos\computergraphics\project3\myfunctions.cpp(890): warning C4244: 'initializing': conversion from 'float' to 'int', possible loss of data
c:\users\gebruiker\source\repos\computergraphics\project3\myfunctions.cpp(909): warning C4244: 'initializing': conversion from 'float' to 'int', possible loss of data
c:\users\gebruiker\source\repos\computergraphics\project3\myfunctions.cpp(909): warning C4018: '<': signed/unsigned mismatch
c:\users\gebruiker\source\repos\computergraphics\project3\myfunctions.cpp(934): warning C4018: '<': signed/unsigned mismatch
c:\users\gebruiker\source\repos\computergraphics\project3\myfunctions.cpp(935): warning C4018: '<': signed/unsigned mismatch
c:\users\gebruiker\source\repos\computergraphics\project3\myfunctions.cpp(948): warning C4018: '<': signed/unsigned mismatch
c:\users\gebruiker\source\repos\computergraphics\project3\myfunctions.cpp(949): warning C4244: 'argument': conversion from 'double' to 'GLfloat', possible loss of data
  main.cpp
c:\users\gebruiker\source\repos\computergraphics\project3\matrix.h(35): warning C4244: '+=': conversion from 'GLdouble' to 'GLfloat', possible loss of data
c:\users\gebruiker\source\repos\computergraphics\project3\matrix.h(45): warning C4244: '+=': conversion from 'GLdouble' to 'GLfloat', possible loss of data
c:\users\gebruiker\source\repos\computergraphics\project3\matrix.h(47): warning C4244: '=': conversion from 'const GLdouble' to 'GLfloat', possible loss of data
c:\users\gebruiker\source\repos\computergraphics\project3\traqueboule.h(16): warning C4305: 'initializing': truncation from 'double' to 'float'
c:\users\gebruiker\source\repos\computergraphics\project3\traqueboule.h(124): warning C4244: 'argument': conversion from 'double' to 'GLfloat', possible loss of data
c:\users\gebruiker\source\repos\computergraphics\project3\traqueboule.h(147): warning C4244: 'argument': conversion from 'double' to 'GLfloat', possible loss of data
c:\users\gebruiker\source\repos\computergraphics\project3\traqueboule.h(179): warning C4244: 'argument': conversion from 'double' to 'GLfloat', possible loss of data
c:\users\gebruiker\source\repos\computergraphics\project3\traqueboule.h(235): warning C4244: 'argument': conversion from 'double' to 'float', possible loss of data
  Generating Code...
  Project3.vcxproj -> C:\Users\Gebruiker\Source\Repos\ComputerGraphics\Project3\Debug\Project3.exe
  Project3.vcxproj -> C:\Users\Gebruiker\Source\Repos\ComputerGraphics\Project3\Debug\Project3.pdb (Partial PDB)
